#    <A>=  0.149819  sigmaA= 0.000491
#    <B>=-16.346358  sigmaB= 0.021260
#  rhoAB= -0.411681
#    a39=  0.000447     b39=  0.021261
#    a95=  0.001094     b95=  0.052035
#  tht39=  0.544546   tht95=  0.544546
#
#       A39       B39         A95       B95
     0.150266 -16.346354   0.150913 -16.346348
     0.150263 -16.346087   0.150907 -16.345694
     0.150261 -16.345820   0.150900 -16.345040
     0.150258 -16.345553   0.150894 -16.344387
     0.150255 -16.345286   0.150887 -16.343734
     0.150252 -16.345019   0.150880 -16.343081
     0.150249 -16.344753   0.150873 -16.342429
     0.150246 -16.344486   0.150865 -16.341777
     0.150243 -16.344220   0.150858 -16.341126
     0.150240 -16.343955   0.150850 -16.340476
     0.150237 -16.343690   0.150842 -16.339827
     0.150234 -16.343425   0.150835 -16.339178
     0.150231 -16.343160   0.150826 -16.338531
     0.150227 -16.342897   0.150818 -16.337886
     0.150224 -16.342633   0.150810 -16.337241
     0.150220 -16.342371   0.150801 -16.336598
     0.150217 -16.342108   0.150792 -16.335957
     0.150213 -16.341847   0.150783 -16.335317
     0.150209 -16.341586   0.150774 -16.334679
     0.150205 -16.341326   0.150765 -16.334043
     0.150202 -16.341067   0.150756 -16.333408
     0.150198 -16.340809   0.150746 -16.332776
     0.150194 -16.340551   0.150737 -16.332146
     0.150190 -16.340295   0.150727 -16.331518
     0.150186 -16.340039   0.150717 -16.330893
     0.150182 -16.339785   0.150707 -16.330269
     0.150177 -16.339531   0.150696 -16.329649
     0.150173 -16.339279   0.150686 -16.329031
     0.150169 -16.339027   0.150676 -16.328416
     0.150165 -16.338777   0.150665 -16.327804
     0.150160 -16.338528   0.150654 -16.327194
     0.150156 -16.338280   0.150643 -16.326588
     0.150151 -16.338034   0.150632 -16.325985
     0.150147 -16.337789   0.150621 -16.325384
     0.150142 -16.337545   0.150610 -16.324788
     0.150137 -16.337303   0.150598 -16.324194
     0.150133 -16.337062   0.150587 -16.323605
     0.150128 -16.336822   0.150575 -16.323018
     0.150123 -16.336584   0.150563 -16.322436
     0.150118 -16.336348   0.150552 -16.321857
     0.150113 -16.336113   0.150539 -16.321282
     0.150108 -16.335879   0.150527 -16.320711
     0.150103 -16.335648   0.150515 -16.320144
     0.150098 -16.335418   0.150503 -16.319582
     0.150093 -16.335190   0.150490 -16.319023
     0.150088 -16.334963   0.150478 -16.318469
     0.150083 -16.334739   0.150465 -16.317919
     0.150078 -16.334516   0.150452 -16.317374
     0.150072 -16.334295   0.150439 -16.316833
     0.150067 -16.334076   0.150426 -16.316297
     0.150062 -16.333859   0.150413 -16.315766
     0.150056 -16.333644   0.150400 -16.315239
     0.150051 -16.333431   0.150387 -16.314718
     0.150046 -16.333220   0.150374 -16.314201
     0.150040 -16.333011   0.150360 -16.313690
     0.150035 -16.332804   0.150347 -16.313183
     0.150029 -16.332599   0.150333 -16.312682
     0.150023 -16.332396   0.150319 -16.312186
     0.150018 -16.332196   0.150306 -16.311696
     0.150012 -16.331998   0.150292 -16.311211
     0.150006 -16.331802   0.150278 -16.310732
     0.150001 -16.331609   0.150264 -16.310258
     0.149995 -16.331417   0.150250 -16.309790
     0.149989 -16.331228   0.150236 -16.309328
     0.149983 -16.331042   0.150222 -16.308871
     0.149978 -16.330858   0.150207 -16.308421
     0.149972 -16.330676   0.150193 -16.307976
     0.149966 -16.330497   0.150179 -16.307538
     0.149960 -16.330320   0.150164 -16.307106
     0.149954 -16.330146   0.150150 -16.306680
     0.149948 -16.329975   0.150135 -16.306260
     0.149942 -16.329806   0.150121 -16.305846
     0.149936 -16.329640   0.150106 -16.305439
     0.149930 -16.329476   0.150091 -16.305038
     0.149924 -16.329315   0.150077 -16.304644
     0.149918 -16.329156   0.150062 -16.304257
     0.149912 -16.329001   0.150047 -16.303876
     0.149906 -16.328848   0.150032 -16.303502
     0.149900 -16.328698   0.150017 -16.303134
     0.149894 -16.328551   0.150003 -16.302774
     0.149888 -16.328406   0.149988 -16.302420
     0.149882 -16.328264   0.149973 -16.302073
     0.149876 -16.328126   0.149958 -16.301733
     0.149869 -16.327990   0.149943 -16.301401
     0.149863 -16.327857   0.149928 -16.301075
     0.149857 -16.327726   0.149913 -16.300757
     0.149851 -16.327599   0.149898 -16.300445
     0.149845 -16.327475   0.149883 -16.300141
     0.149839 -16.327354   0.149867 -16.299845
     0.149833 -16.327236   0.149852 -16.299555
     0.149826 -16.327120   0.149837 -16.299273
     0.149820 -16.327008   0.149822 -16.298999
     0.149814 -16.326899   0.149807 -16.298732
     0.149808 -16.326793   0.149792 -16.298472
     0.149802 -16.326690   0.149777 -16.298220
     0.149796 -16.326590   0.149762 -16.297976
     0.149789 -16.326493   0.149747 -16.297739
     0.149783 -16.326400   0.149732 -16.297510
     0.149777 -16.326309   0.149717 -16.297288
     0.149771 -16.326222   0.149702 -16.297075
     0.149765 -16.326138   0.149687 -16.296869
     0.149759 -16.326057   0.149672 -16.296671
     0.149753 -16.325979   0.149657 -16.296481
     0.149747 -16.325905   0.149642 -16.296298
     0.149740 -16.325834   0.149627 -16.296124
     0.149734 -16.325766   0.149612 -16.295958
     0.149728 -16.325701   0.149597 -16.295799
     0.149722 -16.325639   0.149582 -16.295649
     0.149716 -16.325581   0.149568 -16.295506
     0.149710 -16.325526   0.149553 -16.295372
     0.149704 -16.325475   0.149538 -16.295245
     0.149698 -16.325426   0.149524 -16.295127
     0.149692 -16.325381   0.149509 -16.295017
     0.149686 -16.325339   0.149494 -16.294914
     0.149680 -16.325301   0.149480 -16.294820
     0.149674 -16.325266   0.149465 -16.294734
     0.149669 -16.325234   0.149451 -16.294657
     0.149663 -16.325206   0.149437 -16.294587
     0.149657 -16.325181   0.149422 -16.294526
     0.149651 -16.325159   0.149408 -16.294473
     0.149645 -16.325140   0.149394 -16.294428
     0.149640 -16.325125   0.149380 -16.294391
     0.149634 -16.325114   0.149366 -16.294362
     0.149628 -16.325105   0.149352 -16.294342
     0.149622 -16.325100   0.149338 -16.294329
     0.149617 -16.325099   0.149324 -16.294326
     0.149611 -16.325101   0.149311 -16.294330
     0.149606 -16.325106   0.149297 -16.294342
     0.149600 -16.325114   0.149283 -16.294363
     0.149595 -16.325126   0.149270 -16.294392
     0.149589 -16.325141   0.149257 -16.294429
     0.149584 -16.325159   0.149243 -16.294474
     0.149578 -16.325181   0.149230 -16.294528
     0.149573 -16.325207   0.149217 -16.294589
     0.149568 -16.325235   0.149204 -16.294659
     0.149562 -16.325267   0.149191 -16.294737
     0.149557 -16.325302   0.149178 -16.294823
     0.149552 -16.325341   0.149166 -16.294918
     0.149547 -16.325383   0.149153 -16.295020
     0.149542 -16.325428   0.149140 -16.295130
     0.149537 -16.325476   0.149128 -16.295249
     0.149532 -16.325528   0.149116 -16.295376
     0.149527 -16.325583   0.149104 -16.295511
     0.149522 -16.325641   0.149092 -16.295653
     0.149517 -16.325703   0.149080 -16.295804
     0.149512 -16.325768   0.149068 -16.295963
     0.149507 -16.325836   0.149056 -16.296130
     0.149502 -16.325907   0.149044 -16.296304
     0.149498 -16.325982   0.149033 -16.296487
     0.149493 -16.326060   0.149022 -16.296677
     0.149489 -16.326141   0.149010 -16.296875
     0.149484 -16.326225   0.148999 -16.297081
     0.149480 -16.326312   0.148988 -16.297295
     0.149475 -16.326403   0.148978 -16.297517
     0.149471 -16.326496   0.148967 -16.297746
     0.149466 -16.326593   0.148956 -16.297983
     0.149462 -16.326693   0.148946 -16.298228
     0.149458 -16.326796   0.148936 -16.298480
     0.149454 -16.326902   0.148925 -16.298740
     0.149450 -16.327012   0.148915 -16.299007
     0.149446 -16.327124   0.148906 -16.299282
     0.149442 -16.327239   0.148896 -16.299564
     0.149438 -16.327358   0.148886 -16.299854
     0.149434 -16.327479   0.148877 -16.300151
     0.149430 -16.327603   0.148868 -16.300455
     0.149426 -16.327730   0.148858 -16.300767
     0.149423 -16.327861   0.148849 -16.301085
     0.149419 -16.327994   0.148841 -16.301411
     0.149416 -16.328130   0.148832 -16.301744
     0.149412 -16.328269   0.148823 -16.302084
     0.149409 -16.328411   0.148815 -16.302431
     0.149405 -16.328555   0.148807 -16.302785
     0.149402 -16.328703   0.148799 -16.303146
     0.149399 -16.328853   0.148791 -16.303514
     0.149396 -16.329006   0.148783 -16.303888
     0.149393 -16.329161   0.148776 -16.304269
     0.149390 -16.329320   0.148768 -16.304657
     0.149387 -16.329481   0.148761 -16.305051
     0.149384 -16.329645   0.148754 -16.305452
     0.149381 -16.329811   0.148747 -16.305859
     0.149378 -16.329980   0.148740 -16.306273
     0.149376 -16.330152   0.148734 -16.306693
     0.149373 -16.330326   0.148727 -16.307119
     0.149370 -16.330503   0.148721 -16.307552
     0.149368 -16.330682   0.148715 -16.307990
     0.149366 -16.330864   0.148709 -16.308435
     0.149363 -16.331048   0.148704 -16.308886
     0.149361 -16.331234   0.148698 -16.309342
     0.149359 -16.331423   0.148693 -16.309805
     0.149357 -16.331615   0.148688 -16.310273
     0.149355 -16.331808   0.148683 -16.310747
     0.149353 -16.332004   0.148678 -16.311227
     0.149351 -16.332202   0.148673 -16.311712
     0.149349 -16.332403   0.148669 -16.312202
     0.149347 -16.332605   0.148665 -16.312698
     0.149346 -16.332810   0.148661 -16.313199
     0.149344 -16.333017   0.148657 -16.313706
     0.149343 -16.333226   0.148653 -16.314218
     0.149341 -16.333437   0.148650 -16.314734
     0.149340 -16.333651   0.148646 -16.315256
     0.149338 -16.333866   0.148643 -16.315783
     0.149337 -16.334083   0.148640 -16.316314
     0.149336 -16.334302   0.148637 -16.316850
     0.149335 -16.334523   0.148635 -16.317391
     0.149334 -16.334746   0.148632 -16.317937
     0.149333 -16.334970   0.148630 -16.318487
     0.149332 -16.335197   0.148628 -16.319041
     0.149332 -16.335425   0.148626 -16.319600
     0.149331 -16.335655   0.148625 -16.320162
     0.149330 -16.335887   0.148623 -16.320729
     0.149330 -16.336120   0.148622 -16.321300
     0.149329 -16.336355   0.148621 -16.321875
     0.149329 -16.336592   0.148620 -16.322454
     0.149329 -16.336830   0.148619 -16.323037
     0.149329 -16.337069   0.148619 -16.323623
     0.149328 -16.337310   0.148618 -16.324213
     0.149328 -16.337553   0.148618 -16.324807
     0.149328 -16.337797   0.148618 -16.325404
     0.149328 -16.338042   0.148618 -16.326004
     0.149329 -16.338288   0.148619 -16.326607
     0.149329 -16.338536   0.148620 -16.327213
     0.149329 -16.338785   0.148620 -16.327823
     0.149330 -16.339035   0.148621 -16.328435
     0.149330 -16.339287   0.148623 -16.329051
     0.149331 -16.339539   0.148624 -16.329669
     0.149331 -16.339793   0.148625 -16.330289
     0.149332 -16.340047   0.148627 -16.330912
     0.149333 -16.340303   0.148629 -16.331538
     0.149334 -16.340560   0.148631 -16.332166
     0.149335 -16.340817   0.148634 -16.332796
     0.149336 -16.341075   0.148636 -16.333428
     0.149337 -16.341335   0.148639 -16.334063
     0.149338 -16.341595   0.148642 -16.334699
     0.149339 -16.341855   0.148645 -16.335337
     0.149341 -16.342117   0.148648 -16.335977
     0.149342 -16.342379   0.148651 -16.336619
     0.149343 -16.342642   0.148655 -16.337262
     0.149345 -16.342905   0.148659 -16.337906
     0.149347 -16.343169   0.148663 -16.338552
     0.149348 -16.343433   0.148667 -16.339199
     0.149350 -16.343698   0.148671 -16.339847
     0.149352 -16.343963   0.148676 -16.340496
     0.149354 -16.344229   0.148681 -16.341147
     0.149356 -16.344495   0.148686 -16.341798
     0.149358 -16.344761   0.148691 -16.342449
     0.149360 -16.345028   0.148696 -16.343102
     0.149362 -16.345294   0.148701 -16.343754
     0.149365 -16.345561   0.148707 -16.344408
     0.149367 -16.345828   0.148713 -16.345061
     0.149369 -16.346095   0.148719 -16.345715
     0.149372 -16.346363   0.148725 -16.346369
     0.149374 -16.346630   0.148731 -16.347023
     0.149377 -16.346897   0.148738 -16.347676
     0.149380 -16.347164   0.148744 -16.348330
     0.149383 -16.347431   0.148751 -16.348983
     0.149385 -16.347698   0.148758 -16.349636
     0.149388 -16.347964   0.148765 -16.350288
     0.149391 -16.348230   0.148772 -16.350940
     0.149394 -16.348496   0.148780 -16.351591
     0.149398 -16.348762   0.148788 -16.352241
     0.149401 -16.349027   0.148795 -16.352890
     0.149404 -16.349292   0.148803 -16.353538
     0.149407 -16.349556   0.148811 -16.354185
     0.149411 -16.349820   0.148820 -16.354831
     0.149414 -16.350083   0.148828 -16.355476
     0.149418 -16.350346   0.148837 -16.356119
     0.149421 -16.350608   0.148846 -16.356760
     0.149425 -16.350870   0.148854 -16.357400
     0.149429 -16.351130   0.148864 -16.358038
     0.149432 -16.351390   0.148873 -16.358674
     0.149436 -16.351650   0.148882 -16.359308
     0.149440 -16.351908   0.148892 -16.359941
     0.149444 -16.352165   0.148901 -16.360571
     0.149448 -16.352422   0.148911 -16.361199
     0.149452 -16.352677   0.148921 -16.361824
     0.149456 -16.352932   0.148931 -16.362447
     0.149460 -16.353186   0.148941 -16.363068
     0.149465 -16.353438   0.148952 -16.363686
     0.149469 -16.353689   0.148962 -16.364301
     0.149473 -16.353940   0.148973 -16.364913
     0.149478 -16.354189   0.148984 -16.365523
     0.149482 -16.354436   0.148995 -16.366129
     0.149487 -16.354683   0.149006 -16.366732
     0.149491 -16.354928   0.149017 -16.367332
     0.149496 -16.355172   0.149028 -16.367929
     0.149500 -16.355414   0.149039 -16.368522
     0.149505 -16.355655   0.149051 -16.369112
     0.149510 -16.355895   0.149063 -16.369698
     0.149515 -16.356133   0.149074 -16.370281
     0.149520 -16.356369   0.149086 -16.370860
     0.149524 -16.356604   0.149098 -16.371435
     0.149529 -16.356837   0.149110 -16.372005
     0.149534 -16.357069   0.149123 -16.372572
     0.149539 -16.357299   0.149135 -16.373135
     0.149545 -16.357527   0.149147 -16.373694
     0.149550 -16.357753   0.149160 -16.374248
     0.149555 -16.357978   0.149173 -16.374798
     0.149560 -16.358201   0.149185 -16.375343
     0.149565 -16.358422   0.149198 -16.375884
     0.149571 -16.358641   0.149211 -16.376420
     0.149576 -16.358858   0.149224 -16.376951
     0.149581 -16.359073   0.149238 -16.377477
     0.149587 -16.359286   0.149251 -16.377999
     0.149592 -16.359497   0.149264 -16.378516
     0.149598 -16.359706   0.149278 -16.379027
     0.149603 -16.359913   0.149291 -16.379533
     0.149609 -16.360118   0.149305 -16.380034
     0.149614 -16.360320   0.149318 -16.380530
     0.149620 -16.360521   0.149332 -16.381021
     0.149626 -16.360719   0.149346 -16.381506
     0.149631 -16.360915   0.149360 -16.381985
     0.149637 -16.361108   0.149374 -16.382459
     0.149643 -16.361299   0.149388 -16.382927
     0.149649 -16.361488   0.149402 -16.383389
     0.149654 -16.361675   0.149416 -16.383845
     0.149660 -16.361859   0.149430 -16.384296
     0.149666 -16.362040   0.149445 -16.384740
     0.149672 -16.362220   0.149459 -16.385179
     0.149678 -16.362396   0.149474 -16.385611
     0.149684 -16.362570   0.149488 -16.386037
     0.149690 -16.362742   0.149503 -16.386457
     0.149696 -16.362911   0.149517 -16.386871
     0.149702 -16.363077   0.149532 -16.387278
     0.149708 -16.363241   0.149546 -16.387678
     0.149714 -16.363402   0.149561 -16.388072
     0.149720 -16.363560   0.149576 -16.388460
     0.149726 -16.363716   0.149591 -16.388841
     0.149732 -16.363869   0.149605 -16.389215
     0.149738 -16.364019   0.149620 -16.389582
     0.149744 -16.364166   0.149635 -16.389943
     0.149750 -16.364311   0.149650 -16.390297
     0.149756 -16.364452   0.149665 -16.390644
     0.149762 -16.364591   0.149680 -16.390983
     0.149768 -16.364727   0.149695 -16.391316
     0.149774 -16.364860   0.149710 -16.391642
     0.149781 -16.364990   0.149725 -16.391960
     0.149787 -16.365118   0.149740 -16.392271
     0.149793 -16.365242   0.149755 -16.392575
     0.149799 -16.365363   0.149770 -16.392872
     0.149805 -16.365481   0.149785 -16.393162
     0.149811 -16.365596   0.149801 -16.393444
     0.149818 -16.365709   0.149816 -16.393718
     0.149824 -16.365818   0.149831 -16.393985
     0.149830 -16.365924   0.149846 -16.394245
     0.149836 -16.366027   0.149861 -16.394497
     0.149842 -16.366127   0.149876 -16.394741
     0.149848 -16.366223   0.149891 -16.394978
     0.149855 -16.366317   0.149906 -16.395207
     0.149861 -16.366407   0.149921 -16.395428
     0.149867 -16.366495   0.149936 -16.395642
     0.149873 -16.366579   0.149951 -16.395848
     0.149879 -16.366660   0.149966 -16.396046
     0.149885 -16.366737   0.149981 -16.396236
     0.149891 -16.366812   0.149996 -16.396418
     0.149897 -16.366883   0.150011 -16.396593
     0.149903 -16.366951   0.150026 -16.396759
     0.149910 -16.367016   0.150041 -16.396918
     0.149916 -16.367077   0.150055 -16.397068
     0.149922 -16.367136   0.150070 -16.397211
     0.149928 -16.367191   0.150085 -16.397345
     0.149934 -16.367242   0.150100 -16.397472
     0.149940 -16.367291   0.150114 -16.397590
     0.149946 -16.367336   0.150129 -16.397700
     0.149952 -16.367377   0.150143 -16.397802
     0.149957 -16.367416   0.150158 -16.397896
     0.149963 -16.367451   0.150172 -16.397982
     0.149969 -16.367483   0.150187 -16.398060
     0.149975 -16.367511   0.150201 -16.398130
     0.149981 -16.367536   0.150215 -16.398191
     0.149987 -16.367558   0.150230 -16.398244
     0.149993 -16.367576   0.150244 -16.398289
     0.149998 -16.367591   0.150258 -16.398326
     0.150004 -16.367603   0.150272 -16.398355
     0.150010 -16.367611   0.150286 -16.398375
     0.150015 -16.367616   0.150300 -16.398387
     0.150021 -16.367618   0.150313 -16.398391
     0.150027 -16.367616   0.150327 -16.398387
     0.150032 -16.367611   0.150341 -16.398375
     0.150038 -16.367603   0.150354 -16.398354
     0.150043 -16.367591   0.150368 -16.398325
     0.150049 -16.367576   0.150381 -16.398288
     0.150054 -16.367557   0.150394 -16.398243
     0.150059 -16.367535   0.150408 -16.398189
     0.150065 -16.367510   0.150421 -16.398127
     0.150070 -16.367482   0.150434 -16.398058
     0.150075 -16.367450   0.150447 -16.397980
     0.150081 -16.367415   0.150460 -16.397893
     0.150086 -16.367376   0.150472 -16.397799
     0.150091 -16.367334   0.150485 -16.397697
     0.150096 -16.367289   0.150497 -16.397586
     0.150101 -16.367241   0.150510 -16.397468
     0.150106 -16.367189   0.150522 -16.397341
     0.150111 -16.367134   0.150534 -16.397206
     0.150116 -16.367075   0.150546 -16.397063
     0.150121 -16.367014   0.150558 -16.396913
     0.150126 -16.366949   0.150570 -16.396754
     0.150131 -16.366881   0.150582 -16.396587
     0.150135 -16.366810   0.150593 -16.396413
     0.150140 -16.366735   0.150605 -16.396230
     0.150145 -16.366657   0.150616 -16.396040
     0.150149 -16.366576   0.150627 -16.395841
     0.150154 -16.366492   0.150638 -16.395635
     0.150158 -16.366405   0.150649 -16.395421
     0.150163 -16.366314   0.150660 -16.395200
     0.150167 -16.366220   0.150671 -16.394970
     0.150171 -16.366123   0.150682 -16.394733
     0.150176 -16.366024   0.150692 -16.394489
     0.150180 -16.365920   0.150702 -16.394237
     0.150184 -16.365814   0.150712 -16.393977
     0.150188 -16.365705   0.150722 -16.393709
     0.150192 -16.365593   0.150732 -16.393435
     0.150196 -16.365478   0.150742 -16.393152
     0.150200 -16.365359   0.150752 -16.392863
     0.150204 -16.365238   0.150761 -16.392566
     0.150208 -16.365114   0.150770 -16.392262
     0.150211 -16.364986   0.150779 -16.391950
     0.150215 -16.364856   0.150788 -16.391631
     0.150219 -16.364723   0.150797 -16.391306
     0.150222 -16.364587   0.150806 -16.390973
     0.150226 -16.364448   0.150814 -16.390633
     0.150229 -16.364306   0.150823 -16.390286
     0.150232 -16.364162   0.150831 -16.389932
     0.150236 -16.364014   0.150839 -16.389571
     0.150239 -16.363864   0.150847 -16.389203
     0.150242 -16.363711   0.150855 -16.388829
     0.150245 -16.363555   0.150862 -16.388448
     0.150248 -16.363397   0.150870 -16.388060
     0.150251 -16.363236   0.150877 -16.387666
     0.150254 -16.363072   0.150884 -16.387265
     0.150257 -16.362905   0.150891 -16.386857
     0.150260 -16.362736   0.150897 -16.386444
     0.150262 -16.362565   0.150904 -16.386024
     0.150265 -16.362391   0.150910 -16.385597
     0.150267 -16.362214   0.150917 -16.385165
     0.150270 -16.362035   0.150923 -16.384726
     0.150272 -16.361853   0.150928 -16.384282
     0.150275 -16.361669   0.150934 -16.383831
     0.150277 -16.361482   0.150940 -16.383374
     0.150279 -16.361293   0.150945 -16.382912
     0.150281 -16.361102   0.150950 -16.382444
     0.150283 -16.360908   0.150955 -16.381970
     0.150285 -16.360713   0.150960 -16.381490
     0.150287 -16.360514   0.150964 -16.381005
     0.150289 -16.360314   0.150969 -16.380515
     0.150291 -16.360111   0.150973 -16.380019
     0.150292 -16.359906   0.150977 -16.379517
     0.150294 -16.359700   0.150981 -16.379011
     0.150295 -16.359490   0.150985 -16.378499
     0.150297 -16.359279   0.150988 -16.377982
     0.150298 -16.359066   0.150992 -16.377461
     0.150299 -16.358851   0.150995 -16.376934
     0.150301 -16.358634   0.150998 -16.376403
     0.150302 -16.358415   0.151001 -16.375866
     0.150303 -16.358194   0.151003 -16.375326
     0.150304 -16.357971   0.151006 -16.374780
     0.150305 -16.357746   0.151008 -16.374230
     0.150305 -16.357520   0.151010 -16.373676
     0.150306 -16.357292   0.151012 -16.373117
     0.150307 -16.357062   0.151013 -16.372554
     0.150307 -16.356830   0.151015 -16.371987
     0.150308 -16.356597   0.151016 -16.371416
     0.150308 -16.356362   0.151017 -16.370841
     0.150309 -16.356125   0.151018 -16.370262
     0.150309 -16.355887   0.151019 -16.369680
     0.150309 -16.355647   0.151019 -16.369093
     0.150309 -16.355406   0.151020 -16.368503
     0.150310 -16.355164   0.151020 -16.367910
     0.150309 -16.354920   0.151020 -16.367313
     0.150309 -16.354675   0.151019 -16.366713
     0.150309 -16.354428   0.151019 -16.366110
     0.150309 -16.354181   0.151018 -16.365503
     0.150309 -16.353932   0.151017 -16.364894
     0.150308 -16.353681   0.151016 -16.364281
     0.150308 -16.353430   0.151015 -16.363666
     0.150307 -16.353177   0.151014 -16.363048
     0.150307 -16.352924   0.151012 -16.362428
     0.150306 -16.352669   0.151011 -16.361804
     0.150305 -16.352414   0.151009 -16.361179
     0.150304 -16.352157   0.151007 -16.360551
     0.150303 -16.351900   0.151004 -16.359921
     0.150302 -16.351641   0.151002 -16.359288
     0.150301 -16.351382   0.150999 -16.358654
     0.150300 -16.351122   0.150996 -16.358018
     0.150299 -16.350861   0.150993 -16.357380
     0.150297 -16.350600   0.150990 -16.356740
     0.150296 -16.350338   0.150986 -16.356098
     0.150294 -16.350075   0.150983 -16.355455
     0.150293 -16.349812   0.150979 -16.354811
     0.150291 -16.349548   0.150975 -16.354165
     0.150290 -16.349284   0.150971 -16.353518
     0.150288 -16.349019   0.150966 -16.352870
     0.150286 -16.348753   0.150962 -16.352220
     0.150284 -16.348488   0.150957 -16.351570
     0.150282 -16.348222   0.150952 -16.350919
     0.150280 -16.347956   0.150947 -16.350267
     0.150278 -16.347689   0.150942 -16.349615
     0.150276 -16.347422   0.150937 -16.348962
     0.150273 -16.347155   0.150931 -16.348309
     0.150271 -16.346888   0.150925 -16.347656
     0.150268 -16.346621   0.150919 -16.347002
     0.150266 -16.346354   0.150913 -16.346348
