#    <A>=  0.150609  sigmaA= 0.000690
#    <B>=-16.280374  sigmaB= 0.020707
#  rhoAB= -0.286052
#    a39=  0.000661     b39=  0.020708
#    a95=  0.001619     b95=  0.050683
#  tht39=  0.546922   tht95=  0.546922
#
#       A39       B39         A95       B95
     0.151271 -16.280368   0.152228 -16.280359
     0.151268 -16.280108   0.152222 -16.279722
     0.151266 -16.279848   0.152215 -16.279085
     0.151263 -16.279587   0.152209 -16.278449
     0.151260 -16.279327   0.152202 -16.277812
     0.151257 -16.279068   0.152195 -16.277177
     0.151254 -16.278808   0.152187 -16.276541
     0.151251 -16.278549   0.152179 -16.275906
     0.151248 -16.278290   0.152171 -16.275272
     0.151244 -16.278031   0.152163 -16.274639
     0.151241 -16.277773   0.152155 -16.274007
     0.151237 -16.277515   0.152146 -16.273376
     0.151234 -16.277257   0.152137 -16.272745
     0.151230 -16.277000   0.152128 -16.272116
     0.151226 -16.276744   0.152118 -16.271489
     0.151222 -16.276488   0.152109 -16.270862
     0.151218 -16.276233   0.152099 -16.270238
     0.151214 -16.275978   0.152089 -16.269615
     0.151210 -16.275724   0.152078 -16.268993
     0.151205 -16.275471   0.152068 -16.268373
     0.151201 -16.275218   0.152057 -16.267756
     0.151196 -16.274967   0.152046 -16.267140
     0.151192 -16.274716   0.152035 -16.266526
     0.151187 -16.274466   0.152023 -16.265915
     0.151182 -16.274217   0.152011 -16.265305
     0.151177 -16.273969   0.151999 -16.264698
     0.151172 -16.273722   0.151987 -16.264094
     0.151167 -16.273477   0.151975 -16.263492
     0.151162 -16.273232   0.151962 -16.262893
     0.151157 -16.272988   0.151949 -16.262297
     0.151152 -16.272746   0.151936 -16.261703
     0.151146 -16.272504   0.151923 -16.261113
     0.151141 -16.272264   0.151910 -16.260525
     0.151135 -16.272025   0.151896 -16.259941
     0.151129 -16.271788   0.151882 -16.259359
     0.151124 -16.271552   0.151868 -16.258782
     0.151118 -16.271317   0.151854 -16.258207
     0.151112 -16.271084   0.151839 -16.257636
     0.151106 -16.270852   0.151825 -16.257069
     0.151100 -16.270622   0.151810 -16.256505
     0.151094 -16.270393   0.151795 -16.255945
     0.151087 -16.270166   0.151780 -16.255389
     0.151081 -16.269940   0.151764 -16.254837
     0.151075 -16.269716   0.151749 -16.254289
     0.151068 -16.269494   0.151733 -16.253745
     0.151062 -16.269274   0.151717 -16.253205
     0.151055 -16.269055   0.151701 -16.252670
     0.151049 -16.268838   0.151684 -16.252139
     0.151042 -16.268623   0.151668 -16.251612
     0.151035 -16.268409   0.151651 -16.251090
     0.151028 -16.268198   0.151635 -16.250573
     0.151021 -16.267988   0.151618 -16.250060
     0.151014 -16.267781   0.151601 -16.249552
     0.151007 -16.267575   0.151583 -16.249049
     0.151000 -16.267372   0.151566 -16.248551
     0.150993 -16.267170   0.151548 -16.248057
     0.150986 -16.266971   0.151531 -16.247569
     0.150978 -16.266774   0.151513 -16.247087
     0.150971 -16.266578   0.151495 -16.246609
     0.150964 -16.266385   0.151476 -16.246137
     0.150956 -16.266195   0.151458 -16.245670
     0.150949 -16.266006   0.151440 -16.245209
     0.150941 -16.265820   0.151421 -16.244753
     0.150933 -16.265636   0.151403 -16.244302
     0.150926 -16.265454   0.151384 -16.243858
     0.150918 -16.265275   0.151365 -16.243419
     0.150910 -16.265098   0.151346 -16.242986
     0.150902 -16.264924   0.151327 -16.242559
     0.150895 -16.264752   0.151307 -16.242138
     0.150887 -16.264582   0.151288 -16.241723
     0.150879 -16.264415   0.151268 -16.241315
     0.150871 -16.264251   0.151249 -16.240912
     0.150863 -16.264089   0.151229 -16.240515
     0.150854 -16.263929   0.151209 -16.240125
     0.150846 -16.263772   0.151189 -16.239741
     0.150838 -16.263618   0.151169 -16.239364
     0.150830 -16.263467   0.151149 -16.238993
     0.150822 -16.263318   0.151129 -16.238629
     0.150813 -16.263172   0.151109 -16.238271
     0.150805 -16.263028   0.151089 -16.237920
     0.150797 -16.262887   0.151068 -16.237575
     0.150788 -16.262749   0.151048 -16.237237
     0.150780 -16.262614   0.151027 -16.236907
     0.150772 -16.262482   0.151007 -16.236583
     0.150763 -16.262352   0.150986 -16.236265
     0.150755 -16.262226   0.150965 -16.235955
     0.150746 -16.262102   0.150944 -16.235652
     0.150738 -16.261981   0.150924 -16.235356
     0.150729 -16.261863   0.150903 -16.235067
     0.150721 -16.261747   0.150882 -16.234785
     0.150712 -16.261635   0.150861 -16.234511
     0.150704 -16.261526   0.150840 -16.234243
     0.150695 -16.261420   0.150819 -16.233983
     0.150686 -16.261317   0.150798 -16.233731
     0.150678 -16.261216   0.150777 -16.233485
     0.150669 -16.261119   0.150755 -16.233247
     0.150660 -16.261025   0.150734 -16.233017
     0.150652 -16.260934   0.150713 -16.232794
     0.150643 -16.260846   0.150692 -16.232578
     0.150634 -16.260761   0.150671 -16.232370
     0.150626 -16.260679   0.150649 -16.232170
     0.150617 -16.260600   0.150628 -16.231977
     0.150608 -16.260524   0.150607 -16.231792
     0.150600 -16.260452   0.150586 -16.231614
     0.150591 -16.260382   0.150565 -16.231444
     0.150582 -16.260316   0.150543 -16.231282
     0.150574 -16.260253   0.150522 -16.231128
     0.150565 -16.260193   0.150501 -16.230981
     0.150556 -16.260137   0.150480 -16.230843
     0.150548 -16.260083   0.150459 -16.230712
     0.150539 -16.260033   0.150437 -16.230589
     0.150530 -16.259986   0.150416 -16.230473
     0.150522 -16.259942   0.150395 -16.230366
     0.150513 -16.259901   0.150374 -16.230267
     0.150505 -16.259864   0.150353 -16.230175
     0.150496 -16.259830   0.150332 -16.230092
     0.150488 -16.259799   0.150311 -16.230016
     0.150479 -16.259771   0.150290 -16.229948
     0.150471 -16.259747   0.150270 -16.229888
     0.150462 -16.259726   0.150249 -16.229837
     0.150454 -16.259708   0.150228 -16.229793
     0.150445 -16.259693   0.150207 -16.229757
     0.150437 -16.259682   0.150187 -16.229729
     0.150428 -16.259674   0.150166 -16.229710
     0.150420 -16.259669   0.150146 -16.229698
     0.150412 -16.259667   0.150126 -16.229694
     0.150403 -16.259669   0.150105 -16.229698
     0.150395 -16.259674   0.150085 -16.229710
     0.150387 -16.259682   0.150065 -16.229730
     0.150379 -16.259694   0.150045 -16.229759
     0.150371 -16.259708   0.150025 -16.229795
     0.150362 -16.259727   0.150005 -16.229839
     0.150354 -16.259748   0.149985 -16.229891
     0.150346 -16.259772   0.149966 -16.229951
     0.150338 -16.259800   0.149946 -16.230019
     0.150330 -16.259831   0.149926 -16.230095
     0.150322 -16.259866   0.149907 -16.230179
     0.150315 -16.259903   0.149888 -16.230271
     0.150307 -16.259944   0.149869 -16.230371
     0.150299 -16.259988   0.149850 -16.230479
     0.150291 -16.260035   0.149831 -16.230594
     0.150284 -16.260086   0.149812 -16.230718
     0.150276 -16.260139   0.149793 -16.230849
     0.150268 -16.260196   0.149775 -16.230988
     0.150261 -16.260256   0.149756 -16.231135
     0.150253 -16.260319   0.149738 -16.231290
     0.150246 -16.260386   0.149720 -16.231452
     0.150239 -16.260455   0.149702 -16.231623
     0.150231 -16.260528   0.149684 -16.231800
     0.150224 -16.260604   0.149667 -16.231986
     0.150217 -16.260683   0.149649 -16.232179
     0.150210 -16.260765   0.149632 -16.232380
     0.150203 -16.260850   0.149614 -16.232588
     0.150196 -16.260938   0.149597 -16.232804
     0.150189 -16.261029   0.149580 -16.233028
     0.150182 -16.261124   0.149564 -16.233259
     0.150175 -16.261221   0.149547 -16.233497
     0.150169 -16.261321   0.149531 -16.233743
     0.150162 -16.261425   0.149514 -16.233996
     0.150155 -16.261531   0.149498 -16.234256
     0.150149 -16.261641   0.149482 -16.234524
     0.150142 -16.261753   0.149467 -16.234799
     0.150136 -16.261868   0.149451 -16.235081
     0.150130 -16.261986   0.149436 -16.235370
     0.150124 -16.262108   0.149421 -16.235667
     0.150117 -16.262232   0.149406 -16.235970
     0.150111 -16.262358   0.149391 -16.236281
     0.150105 -16.262488   0.149376 -16.236598
     0.150100 -16.262621   0.149362 -16.236922
     0.150094 -16.262756   0.149347 -16.237254
     0.150088 -16.262894   0.149333 -16.237592
     0.150082 -16.263035   0.149320 -16.237936
     0.150077 -16.263179   0.149306 -16.238288
     0.150071 -16.263325   0.149293 -16.238646
     0.150066 -16.263474   0.149279 -16.239011
     0.150061 -16.263626   0.149266 -16.239382
     0.150055 -16.263780   0.149254 -16.239760
     0.150050 -16.263937   0.149241 -16.240144
     0.150045 -16.264096   0.149229 -16.240534
     0.150040 -16.264259   0.149217 -16.240931
     0.150035 -16.264423   0.149205 -16.241334
     0.150031 -16.264590   0.149193 -16.241743
     0.150026 -16.264760   0.149182 -16.242159
     0.150021 -16.264932   0.149170 -16.242580
     0.150017 -16.265107   0.149159 -16.243007
     0.150012 -16.265284   0.149149 -16.243440
     0.150008 -16.265463   0.149138 -16.243879
     0.150004 -16.265645   0.149128 -16.244324
     0.150000 -16.265829   0.149118 -16.244775
     0.149996 -16.266015   0.149108 -16.245231
     0.149992 -16.266204   0.149098 -16.245692
     0.149988 -16.266395   0.149089 -16.246160
     0.149984 -16.266588   0.149080 -16.246632
     0.149981 -16.266783   0.149071 -16.247110
     0.149977 -16.266980   0.149062 -16.247593
     0.149974 -16.267180   0.149054 -16.248081
     0.149970 -16.267382   0.149046 -16.248575
     0.149967 -16.267585   0.149038 -16.249073
     0.149964 -16.267791   0.149030 -16.249576
     0.149961 -16.267998   0.149023 -16.250085
     0.149958 -16.268208   0.149015 -16.250598
     0.149955 -16.268420   0.149008 -16.251115
     0.149953 -16.268633   0.149002 -16.251638
     0.149950 -16.268848   0.148995 -16.252164
     0.149947 -16.269065   0.148989 -16.252696
     0.149945 -16.269284   0.148983 -16.253231
     0.149943 -16.269505   0.148978 -16.253771
     0.149940 -16.269727   0.148972 -16.254315
     0.149938 -16.269951   0.148967 -16.254864
     0.149936 -16.270177   0.148962 -16.255416
     0.149935 -16.270404   0.148958 -16.255972
     0.149933 -16.270633   0.148953 -16.256532
     0.149931 -16.270863   0.148949 -16.257096
     0.149930 -16.271095   0.148945 -16.257664
     0.149928 -16.271329   0.148942 -16.258235
     0.149927 -16.271563   0.148939 -16.258810
     0.149925 -16.271799   0.148936 -16.259388
     0.149924 -16.272037   0.148933 -16.259969
     0.149923 -16.272276   0.148930 -16.260553
     0.149922 -16.272516   0.148928 -16.261141
     0.149922 -16.272757   0.148926 -16.261732
     0.149921 -16.273000   0.148924 -16.262326
     0.149920 -16.273244   0.148923 -16.262922
     0.149920 -16.273488   0.148922 -16.263521
     0.149919 -16.273734   0.148921 -16.264123
     0.149919 -16.273981   0.148920 -16.264728
     0.149919 -16.274229   0.148920 -16.265335
     0.149919 -16.274478   0.148920 -16.265944
     0.149919 -16.274728   0.148920 -16.266556
     0.149919 -16.274979   0.148920 -16.267170
     0.149920 -16.275231   0.148921 -16.267785
     0.149920 -16.275483   0.148922 -16.268403
     0.149920 -16.275736   0.148923 -16.269023
     0.149921 -16.275990   0.148925 -16.269645
     0.149922 -16.276245   0.148927 -16.270268
     0.149923 -16.276500   0.148929 -16.270893
     0.149924 -16.276756   0.148931 -16.271519
     0.149925 -16.277013   0.148933 -16.272147
     0.149926 -16.277270   0.148936 -16.272776
     0.149927 -16.277527   0.148939 -16.273406
     0.149928 -16.277785   0.148943 -16.274038
     0.149930 -16.278044   0.148946 -16.274670
     0.149931 -16.278302   0.148950 -16.275303
     0.149933 -16.278561   0.148954 -16.275937
     0.149935 -16.278821   0.148959 -16.276572
     0.149937 -16.279080   0.148963 -16.277207
     0.149939 -16.279340   0.148968 -16.277843
     0.149941 -16.279600   0.148973 -16.278479
     0.149943 -16.279860   0.148979 -16.279116
     0.149946 -16.280120   0.148985 -16.279753
     0.149948 -16.280381   0.148991 -16.280390
     0.149950 -16.280641   0.148997 -16.281027
     0.149953 -16.280901   0.149003 -16.281663
     0.149956 -16.281161   0.149010 -16.282300
     0.149959 -16.281421   0.149017 -16.282936
     0.149962 -16.281681   0.149024 -16.283572
     0.149965 -16.281940   0.149032 -16.284207
     0.149968 -16.282200   0.149039 -16.284842
     0.149971 -16.282459   0.149047 -16.285476
     0.149974 -16.282717   0.149055 -16.286109
     0.149978 -16.282976   0.149064 -16.286741
     0.149981 -16.283234   0.149073 -16.287373
     0.149985 -16.283491   0.149082 -16.288003
     0.149989 -16.283748   0.149091 -16.288632
     0.149993 -16.284005   0.149100 -16.289260
     0.149997 -16.284261   0.149110 -16.289886
     0.150001 -16.284516   0.149120 -16.290511
     0.150005 -16.284770   0.149130 -16.291134
     0.150009 -16.285024   0.149140 -16.291755
     0.150013 -16.285278   0.149151 -16.292375
     0.150018 -16.285530   0.149162 -16.292993
     0.150022 -16.285782   0.149173 -16.293609
     0.150027 -16.286032   0.149184 -16.294222
     0.150032 -16.286282   0.149196 -16.294834
     0.150037 -16.286531   0.149207 -16.295443
     0.150041 -16.286779   0.149219 -16.296050
     0.150046 -16.287026   0.149231 -16.296654
     0.150051 -16.287272   0.149244 -16.297256
     0.150057 -16.287517   0.149256 -16.297855
     0.150062 -16.287760   0.149269 -16.298452
     0.150067 -16.288003   0.149282 -16.299045
     0.150073 -16.288244   0.149296 -16.299636
     0.150078 -16.288484   0.149309 -16.300223
     0.150084 -16.288723   0.149323 -16.300808
     0.150089 -16.288960   0.149337 -16.301389
     0.150095 -16.289197   0.149351 -16.301967
     0.150101 -16.289431   0.149365 -16.302541
     0.150107 -16.289665   0.149379 -16.303112
     0.150113 -16.289896   0.149394 -16.303680
     0.150119 -16.290127   0.149409 -16.304243
     0.150125 -16.290355   0.149424 -16.304803
     0.150131 -16.290583   0.149439 -16.305359
     0.150137 -16.290808   0.149454 -16.305911
     0.150144 -16.291032   0.149470 -16.306459
     0.150150 -16.291254   0.149486 -16.307003
     0.150157 -16.291475   0.149502 -16.307543
     0.150163 -16.291694   0.149518 -16.308079
     0.150170 -16.291911   0.149534 -16.308610
     0.150177 -16.292126   0.149551 -16.309136
     0.150184 -16.292339   0.149567 -16.309658
     0.150190 -16.292551   0.149584 -16.310176
     0.150197 -16.292760   0.149601 -16.310689
     0.150204 -16.292968   0.149618 -16.311197
     0.150211 -16.293173   0.149635 -16.311700
     0.150219 -16.293377   0.149653 -16.312198
     0.150226 -16.293578   0.149670 -16.312691
     0.150233 -16.293778   0.149688 -16.313179
     0.150240 -16.293975   0.149706 -16.313662
     0.150248 -16.294170   0.149724 -16.314139
     0.150255 -16.294363   0.149742 -16.314612
     0.150263 -16.294554   0.149760 -16.315079
     0.150270 -16.294742   0.149779 -16.315540
     0.150278 -16.294928   0.149797 -16.315996
     0.150285 -16.295112   0.149816 -16.316446
     0.150293 -16.295294   0.149835 -16.316890
     0.150301 -16.295473   0.149854 -16.317329
     0.150308 -16.295650   0.149873 -16.317762
     0.150316 -16.295825   0.149892 -16.318189
     0.150324 -16.295997   0.149911 -16.318610
     0.150332 -16.296166   0.149931 -16.319025
     0.150340 -16.296333   0.149950 -16.319434
     0.150348 -16.296498   0.149970 -16.319837
     0.150356 -16.296660   0.149990 -16.320233
     0.150364 -16.296819   0.150009 -16.320623
     0.150372 -16.296976   0.150029 -16.321007
     0.150380 -16.297130   0.150049 -16.321385
     0.150389 -16.297282   0.150069 -16.321755
     0.150397 -16.297431   0.150089 -16.322120
     0.150405 -16.297577   0.150110 -16.322478
     0.150414 -16.297720   0.150130 -16.322829
     0.150422 -16.297861   0.150150 -16.323173
     0.150430 -16.297999   0.150171 -16.323511
     0.150439 -16.298134   0.150191 -16.323842
     0.150447 -16.298267   0.150212 -16.324166
     0.150455 -16.298396   0.150233 -16.324483
     0.150464 -16.298523   0.150253 -16.324793
     0.150472 -16.298647   0.150274 -16.325096
     0.150481 -16.298768   0.150295 -16.325392
     0.150489 -16.298886   0.150316 -16.325681
     0.150498 -16.299001   0.150337 -16.325963
     0.150507 -16.299113   0.150358 -16.326238
     0.150515 -16.299222   0.150379 -16.326505
     0.150524 -16.299329   0.150400 -16.326765
     0.150532 -16.299432   0.150421 -16.327018
     0.150541 -16.299532   0.150442 -16.327263
     0.150550 -16.299629   0.150463 -16.327501
     0.150558 -16.299724   0.150484 -16.327732
     0.150567 -16.299815   0.150506 -16.327955
     0.150576 -16.299903   0.150527 -16.328170
     0.150584 -16.299988   0.150548 -16.328378
     0.150593 -16.300070   0.150569 -16.328579
     0.150602 -16.300148   0.150590 -16.328772
     0.150610 -16.300224   0.150612 -16.328957
     0.150619 -16.300297   0.150633 -16.329134
     0.150628 -16.300366   0.150654 -16.329304
     0.150636 -16.300432   0.150675 -16.329466
     0.150645 -16.300495   0.150697 -16.329620
     0.150654 -16.300555   0.150718 -16.329767
     0.150662 -16.300612   0.150739 -16.329906
     0.150671 -16.300665   0.150760 -16.330037
     0.150680 -16.300716   0.150781 -16.330160
     0.150688 -16.300763   0.150802 -16.330275
     0.150697 -16.300807   0.150823 -16.330382
     0.150705 -16.300847   0.150844 -16.330482
     0.150714 -16.300885   0.150865 -16.330573
     0.150723 -16.300919   0.150886 -16.330657
     0.150731 -16.300950   0.150907 -16.330732
     0.150740 -16.300977   0.150928 -16.330800
     0.150748 -16.301002   0.150949 -16.330860
     0.150757 -16.301023   0.150970 -16.330912
     0.150765 -16.301041   0.150991 -16.330955
     0.150774 -16.301055   0.151011 -16.330991
     0.150782 -16.301067   0.151032 -16.331019
     0.150790 -16.301075   0.151052 -16.331039
     0.150799 -16.301080   0.151073 -16.331051
     0.150807 -16.301081   0.151093 -16.331055
     0.150815 -16.301079   0.151113 -16.331050
     0.150824 -16.301074   0.151134 -16.331038
     0.150832 -16.301066   0.151154 -16.331018
     0.150840 -16.301055   0.151174 -16.330990
     0.150848 -16.301040   0.151194 -16.330954
     0.150856 -16.301022   0.151214 -16.330909
     0.150864 -16.301001   0.151233 -16.330857
     0.150872 -16.300976   0.151253 -16.330797
     0.150880 -16.300948   0.151273 -16.330729
     0.150888 -16.300917   0.151292 -16.330653
     0.150896 -16.300883   0.151312 -16.330569
     0.150904 -16.300845   0.151331 -16.330477
     0.150912 -16.300804   0.151350 -16.330377
     0.150920 -16.300760   0.151369 -16.330270
     0.150927 -16.300713   0.151388 -16.330154
     0.150935 -16.300663   0.151407 -16.330030
     0.150943 -16.300609   0.151425 -16.329899
     0.150950 -16.300552   0.151444 -16.329760
     0.150958 -16.300492   0.151462 -16.329613
     0.150965 -16.300429   0.151481 -16.329458
     0.150973 -16.300363   0.151499 -16.329296
     0.150980 -16.300293   0.151517 -16.329126
     0.150987 -16.300220   0.151534 -16.328948
     0.150995 -16.300145   0.151552 -16.328762
     0.151002 -16.300066   0.151570 -16.328569
     0.151009 -16.299984   0.151587 -16.328368
     0.151016 -16.299899   0.151604 -16.328160
     0.151023 -16.299810   0.151621 -16.327944
     0.151030 -16.299719   0.151638 -16.327721
     0.151037 -16.299625   0.151655 -16.327490
     0.151043 -16.299527   0.151672 -16.327252
     0.151050 -16.299427   0.151688 -16.327006
     0.151057 -16.299324   0.151704 -16.326753
     0.151063 -16.299217   0.151720 -16.326492
     0.151070 -16.299108   0.151736 -16.326225
     0.151076 -16.298995   0.151752 -16.325950
     0.151083 -16.298880   0.151768 -16.325667
     0.151089 -16.298762   0.151783 -16.325378
     0.151095 -16.298641   0.151798 -16.325082
     0.151101 -16.298517   0.151813 -16.324778
     0.151107 -16.298390   0.151828 -16.324468
     0.151113 -16.298260   0.151843 -16.324150
     0.151119 -16.298128   0.151857 -16.323826
     0.151125 -16.297992   0.151871 -16.323495
     0.151131 -16.297854   0.151885 -16.323157
     0.151136 -16.297713   0.151899 -16.322812
     0.151142 -16.297570   0.151913 -16.322460
     0.151147 -16.297423   0.151926 -16.322102
     0.151153 -16.297274   0.151939 -16.321738
     0.151158 -16.297123   0.151952 -16.321366
     0.151163 -16.296968   0.151965 -16.320989
     0.151168 -16.296811   0.151978 -16.320604
     0.151173 -16.296652   0.151990 -16.320214
     0.151178 -16.296490   0.152002 -16.319817
     0.151183 -16.296325   0.152014 -16.319414
     0.151188 -16.296158   0.152026 -16.319005
     0.151193 -16.295988   0.152037 -16.318590
     0.151197 -16.295816   0.152048 -16.318168
     0.151202 -16.295642   0.152059 -16.317741
     0.151206 -16.295465   0.152070 -16.317308
     0.151211 -16.295285   0.152081 -16.316869
     0.151215 -16.295104   0.152091 -16.316424
     0.151219 -16.294919   0.152101 -16.315974
     0.151223 -16.294733   0.152111 -16.315518
     0.151227 -16.294544   0.152121 -16.315056
     0.151231 -16.294354   0.152130 -16.314589
     0.151234 -16.294161   0.152139 -16.314116
     0.151238 -16.293965   0.152148 -16.313639
     0.151242 -16.293768   0.152157 -16.313155
     0.151245 -16.293568   0.152165 -16.312667
     0.151248 -16.293367   0.152173 -16.312174
     0.151252 -16.293163   0.152181 -16.311675
     0.151255 -16.292958   0.152189 -16.311172
     0.151258 -16.292750   0.152196 -16.310664
     0.151261 -16.292540   0.152203 -16.310151
     0.151263 -16.292329   0.152210 -16.309633
     0.151266 -16.292115   0.152217 -16.309111
     0.151269 -16.291900   0.152223 -16.308584
     0.151271 -16.291683   0.152229 -16.308053
     0.151274 -16.291464   0.152235 -16.307517
     0.151276 -16.291244   0.152241 -16.306977
     0.151278 -16.291021   0.152246 -16.306433
     0.151280 -16.290797   0.152251 -16.305885
     0.151282 -16.290572   0.152256 -16.305332
     0.151284 -16.290344   0.152261 -16.304776
     0.151286 -16.290115   0.152265 -16.304216
     0.151288 -16.289885   0.152269 -16.303652
     0.151289 -16.289653   0.152273 -16.303085
     0.151291 -16.289420   0.152277 -16.302513
     0.151292 -16.289185   0.152280 -16.301939
     0.151293 -16.288949   0.152283 -16.301361
     0.151294 -16.288711   0.152286 -16.300779
     0.151295 -16.288473   0.152288 -16.300195
     0.151296 -16.288232   0.152291 -16.299607
     0.151297 -16.287991   0.152293 -16.299016
     0.151298 -16.287749   0.152294 -16.298423
     0.151298 -16.287505   0.152296 -16.297826
     0.151299 -16.287260   0.152297 -16.297227
     0.151299 -16.287014   0.152298 -16.296625
     0.151299 -16.286767   0.152298 -16.296021
     0.151300 -16.286519   0.152299 -16.295414
     0.151300 -16.286270   0.152299 -16.294804
     0.151300 -16.286020   0.152299 -16.294193
     0.151299 -16.285769   0.152298 -16.293579
     0.151299 -16.285518   0.152298 -16.292963
     0.151299 -16.285265   0.152297 -16.292345
     0.151298 -16.285012   0.152295 -16.291725
     0.151298 -16.284758   0.152294 -16.291104
     0.151297 -16.284503   0.152292 -16.290480
     0.151296 -16.284248   0.152290 -16.289856
     0.151295 -16.283992   0.152288 -16.289229
     0.151294 -16.283736   0.152285 -16.288601
     0.151293 -16.283479   0.152282 -16.287972
     0.151292 -16.283221   0.152279 -16.287342
     0.151290 -16.282963   0.152276 -16.286711
     0.151289 -16.282705   0.152272 -16.286078
     0.151287 -16.282446   0.152269 -16.285445
     0.151286 -16.282187   0.152264 -16.284811
     0.151284 -16.281928   0.152260 -16.284176
     0.151282 -16.281668   0.152255 -16.283541
     0.151280 -16.281408   0.152250 -16.282905
     0.151278 -16.281148   0.152245 -16.282269
     0.151276 -16.280888   0.152240 -16.281632
     0.151273 -16.280628   0.152234 -16.280996
     0.151271 -16.280368   0.152228 -16.280359
