#    <A>=  0.153177  sigmaA= 0.000483
#    <B>=-16.230694  sigmaB= 0.020037
#  rhoAB= -0.290333
#    a39=  0.000462     b39=  0.020038
#    a95=  0.001130     b95=  0.049042
#  tht39=  0.400918   tht95=  0.400918
#
#       A39       B39         A95       B95
     0.153639 -16.230691   0.154308 -16.230686
     0.153637 -16.230439   0.154303 -16.230070
     0.153636 -16.230187   0.154299 -16.229454
     0.153634 -16.229936   0.154294 -16.228838
     0.153632 -16.229684   0.154289 -16.228222
     0.153630 -16.229433   0.154284 -16.227607
     0.153627 -16.229182   0.154279 -16.226992
     0.153625 -16.228931   0.154273 -16.226378
     0.153623 -16.228680   0.154268 -16.225764
     0.153620 -16.228430   0.154262 -16.225152
     0.153618 -16.228180   0.154256 -16.224540
     0.153616 -16.227930   0.154250 -16.223929
     0.153613 -16.227681   0.154243 -16.223319
     0.153610 -16.227432   0.154237 -16.222710
     0.153608 -16.227184   0.154230 -16.222103
     0.153605 -16.226936   0.154223 -16.221497
     0.153602 -16.226689   0.154216 -16.220892
     0.153599 -16.226443   0.154209 -16.220289
     0.153596 -16.226197   0.154202 -16.219688
     0.153593 -16.225952   0.154195 -16.219088
     0.153590 -16.225708   0.154187 -16.218490
     0.153587 -16.225465   0.154179 -16.217895
     0.153583 -16.225222   0.154171 -16.217301
     0.153580 -16.224980   0.154163 -16.216709
     0.153577 -16.224739   0.154155 -16.216119
     0.153573 -16.224499   0.154146 -16.215532
     0.153570 -16.224260   0.154138 -16.214947
     0.153566 -16.224022   0.154129 -16.214365
     0.153563 -16.223785   0.154120 -16.213785
     0.153559 -16.223550   0.154111 -16.213208
     0.153555 -16.223315   0.154102 -16.212634
     0.153551 -16.223081   0.154093 -16.212062
     0.153548 -16.222849   0.154083 -16.211494
     0.153544 -16.222618   0.154074 -16.210928
     0.153540 -16.222388   0.154064 -16.210366
     0.153536 -16.222160   0.154054 -16.209806
     0.153531 -16.221933   0.154044 -16.209250
     0.153527 -16.221707   0.154034 -16.208698
     0.153523 -16.221483   0.154024 -16.208149
     0.153519 -16.221260   0.154013 -16.207603
     0.153515 -16.221038   0.154003 -16.207062
     0.153510 -16.220818   0.153992 -16.206523
     0.153506 -16.220600   0.153981 -16.205989
     0.153501 -16.220383   0.153970 -16.205459
     0.153497 -16.220168   0.153959 -16.204932
     0.153492 -16.219955   0.153948 -16.204410
     0.153488 -16.219743   0.153937 -16.203892
     0.153483 -16.219533   0.153925 -16.203378
     0.153478 -16.219325   0.153914 -16.202868
     0.153473 -16.219119   0.153902 -16.202363
     0.153469 -16.218914   0.153890 -16.201862
     0.153464 -16.218711   0.153878 -16.201366
     0.153459 -16.218510   0.153866 -16.200874
     0.153454 -16.218311   0.153854 -16.200387
     0.153449 -16.218114   0.153842 -16.199905
     0.153444 -16.217919   0.153830 -16.199428
     0.153439 -16.217727   0.153817 -16.198956
     0.153434 -16.217536   0.153805 -16.198489
     0.153429 -16.217347   0.153792 -16.198026
     0.153423 -16.217160   0.153779 -16.197569
     0.153418 -16.216975   0.153766 -16.197118
     0.153413 -16.216793   0.153754 -16.196671
     0.153407 -16.216613   0.153741 -16.196230
     0.153402 -16.216435   0.153727 -16.195794
     0.153397 -16.216259   0.153714 -16.195364
     0.153391 -16.216085   0.153701 -16.194939
     0.153386 -16.215914   0.153688 -16.194520
     0.153380 -16.215745   0.153674 -16.194107
     0.153375 -16.215579   0.153661 -16.193700
     0.153369 -16.215415   0.153647 -16.193298
     0.153364 -16.215253   0.153633 -16.192902
     0.153358 -16.215094   0.153620 -16.192513
     0.153352 -16.214937   0.153606 -16.192129
     0.153347 -16.214783   0.153592 -16.191751
     0.153341 -16.214631   0.153578 -16.191380
     0.153335 -16.214482   0.153564 -16.191015
     0.153330 -16.214335   0.153550 -16.190656
     0.153324 -16.214191   0.153536 -16.190303
     0.153318 -16.214050   0.153522 -16.189957
     0.153312 -16.213911   0.153508 -16.189617
     0.153306 -16.213774   0.153493 -16.189283
     0.153301 -16.213641   0.153479 -16.188956
     0.153295 -16.213510   0.153465 -16.188636
     0.153289 -16.213382   0.153450 -16.188323
     0.153283 -16.213257   0.153436 -16.188016
     0.153277 -16.213134   0.153421 -16.187715
     0.153271 -16.213014   0.153407 -16.187422
     0.153265 -16.212897   0.153392 -16.187135
     0.153259 -16.212783   0.153377 -16.186856
     0.153253 -16.212671   0.153363 -16.186583
     0.153247 -16.212563   0.153348 -16.186317
     0.153241 -16.212457   0.153333 -16.186058
     0.153235 -16.212354   0.153319 -16.185807
     0.153229 -16.212254   0.153304 -16.185562
     0.153223 -16.212157   0.153289 -16.185324
     0.153217 -16.212063   0.153274 -16.185094
     0.153211 -16.211972   0.153260 -16.184871
     0.153205 -16.211883   0.153245 -16.184655
     0.153199 -16.211798   0.153230 -16.184446
     0.153193 -16.211716   0.153215 -16.184245
     0.153187 -16.211637   0.153200 -16.184051
     0.153181 -16.211560   0.153185 -16.183864
     0.153175 -16.211487   0.153171 -16.183685
     0.153169 -16.211417   0.153156 -16.183513
     0.153162 -16.211350   0.153141 -16.183349
     0.153156 -16.211286   0.153126 -16.183192
     0.153150 -16.211225   0.153111 -16.183043
     0.153144 -16.211167   0.153096 -16.182901
     0.153138 -16.211112   0.153082 -16.182766
     0.153132 -16.211060   0.153067 -16.182640
     0.153126 -16.211011   0.153052 -16.182520
     0.153120 -16.210966   0.153037 -16.182409
     0.153114 -16.210923   0.153023 -16.182305
     0.153108 -16.210884   0.153008 -16.182209
     0.153102 -16.210848   0.152993 -16.182120
     0.153096 -16.210815   0.152979 -16.182039
     0.153090 -16.210785   0.152964 -16.181966
     0.153084 -16.210758   0.152949 -16.181900
     0.153078 -16.210734   0.152935 -16.181842
     0.153072 -16.210714   0.152920 -16.181792
     0.153066 -16.210696   0.152906 -16.181749
     0.153061 -16.210682   0.152891 -16.181715
     0.153055 -16.210671   0.152877 -16.181688
     0.153049 -16.210663   0.152863 -16.181668
     0.153043 -16.210659   0.152848 -16.181657
     0.153037 -16.210657   0.152834 -16.181653
     0.153031 -16.210659   0.152820 -16.181657
     0.153026 -16.210663   0.152806 -16.181669
     0.153020 -16.210671   0.152792 -16.181688
     0.153014 -16.210682   0.152778 -16.181716
     0.153008 -16.210697   0.152764 -16.181750
     0.153003 -16.210714   0.152750 -16.181793
     0.152997 -16.210735   0.152736 -16.181843
     0.152992 -16.210758   0.152722 -16.181902
     0.152986 -16.210785   0.152709 -16.181967
     0.152980 -16.210815   0.152695 -16.182041
     0.152975 -16.210849   0.152682 -16.182122
     0.152969 -16.210885   0.152668 -16.182211
     0.152964 -16.210924   0.152655 -16.182307
     0.152958 -16.210967   0.152642 -16.182412
     0.152953 -16.211012   0.152628 -16.182523
     0.152948 -16.211061   0.152615 -16.182643
     0.152942 -16.211113   0.152602 -16.182770
     0.152937 -16.211168   0.152589 -16.182904
     0.152932 -16.211226   0.152577 -16.183046
     0.152927 -16.211287   0.152564 -16.183196
     0.152922 -16.211351   0.152551 -16.183353
     0.152916 -16.211419   0.152539 -16.183518
     0.152911 -16.211489   0.152526 -16.183690
     0.152906 -16.211562   0.152514 -16.183869
     0.152901 -16.211639   0.152502 -16.184056
     0.152896 -16.211718   0.152490 -16.184250
     0.152891 -16.211800   0.152478 -16.184452
     0.152887 -16.211886   0.152466 -16.184660
     0.152882 -16.211974   0.152454 -16.184877
     0.152877 -16.212065   0.152442 -16.185100
     0.152872 -16.212159   0.152431 -16.185330
     0.152868 -16.212257   0.152419 -16.185568
     0.152863 -16.212357   0.152408 -16.185813
     0.152858 -16.212460   0.152397 -16.186065
     0.152854 -16.212565   0.152386 -16.186324
     0.152849 -16.212674   0.152375 -16.186590
     0.152845 -16.212786   0.152364 -16.186863
     0.152841 -16.212900   0.152353 -16.187143
     0.152836 -16.213017   0.152343 -16.187429
     0.152832 -16.213137   0.152332 -16.187723
     0.152828 -16.213260   0.152322 -16.188023
     0.152824 -16.213385   0.152312 -16.188330
     0.152820 -16.213513   0.152302 -16.188644
     0.152815 -16.213644   0.152292 -16.188965
     0.152812 -16.213778   0.152282 -16.189292
     0.152808 -16.213914   0.152272 -16.189625
     0.152804 -16.214053   0.152263 -16.189965
     0.152800 -16.214195   0.152254 -16.190312
     0.152796 -16.214339   0.152244 -16.190665
     0.152792 -16.214486   0.152235 -16.191024
     0.152789 -16.214635   0.152226 -16.191389
     0.152785 -16.214787   0.152218 -16.191761
     0.152782 -16.214941   0.152209 -16.192139
     0.152778 -16.215098   0.152201 -16.192523
     0.152775 -16.215257   0.152192 -16.192912
     0.152772 -16.215419   0.152184 -16.193308
     0.152768 -16.215583   0.152176 -16.193710
     0.152765 -16.215750   0.152169 -16.194118
     0.152762 -16.215919   0.152161 -16.194531
     0.152759 -16.216090   0.152153 -16.194950
     0.152756 -16.216263   0.152146 -16.195375
     0.152753 -16.216439   0.152139 -16.195805
     0.152750 -16.216617   0.152132 -16.196241
     0.152747 -16.216798   0.152125 -16.196682
     0.152745 -16.216980   0.152118 -16.197129
     0.152742 -16.217165   0.152112 -16.197581
     0.152739 -16.217352   0.152106 -16.198038
     0.152737 -16.217540   0.152099 -16.198501
     0.152735 -16.217731   0.152093 -16.198968
     0.152732 -16.217924   0.152088 -16.199440
     0.152730 -16.218120   0.152082 -16.199918
     0.152728 -16.218317   0.152077 -16.200400
     0.152725 -16.218516   0.152071 -16.200887
     0.152723 -16.218716   0.152066 -16.201379
     0.152721 -16.218919   0.152061 -16.201875
     0.152719 -16.219124   0.152056 -16.202376
     0.152717 -16.219330   0.152052 -16.202881
     0.152716 -16.219539   0.152047 -16.203391
     0.152714 -16.219749   0.152043 -16.203905
     0.152712 -16.219960   0.152039 -16.204423
     0.152711 -16.220174   0.152035 -16.204946
     0.152709 -16.220389   0.152031 -16.205472
     0.152708 -16.220606   0.152028 -16.206003
     0.152706 -16.220824   0.152025 -16.206537
     0.152705 -16.221044   0.152021 -16.207075
     0.152704 -16.221265   0.152019 -16.207617
     0.152703 -16.221488   0.152016 -16.208163
     0.152702 -16.221713   0.152013 -16.208712
     0.152701 -16.221938   0.152011 -16.209265
     0.152700 -16.222166   0.152008 -16.209821
     0.152699 -16.222394   0.152006 -16.210380
     0.152698 -16.222624   0.152005 -16.210942
     0.152697 -16.222855   0.152003 -16.211508
     0.152697 -16.223087   0.152001 -16.212077
     0.152696 -16.223321   0.152000 -16.212648
     0.152696 -16.223556   0.151999 -16.213223
     0.152695 -16.223792   0.151998 -16.213800
     0.152695 -16.224028   0.151997 -16.214380
     0.152695 -16.224266   0.151997 -16.214962
     0.152695 -16.224505   0.151996 -16.215547
     0.152695 -16.224745   0.151996 -16.216134
     0.152695 -16.224986   0.151996 -16.216724
     0.152695 -16.225228   0.151996 -16.217316
     0.152695 -16.225471   0.151997 -16.217910
     0.152695 -16.225714   0.151997 -16.218506
     0.152695 -16.225959   0.151998 -16.219104
     0.152696 -16.226204   0.151999 -16.219703
     0.152696 -16.226449   0.152000 -16.220305
     0.152697 -16.226696   0.152001 -16.220908
     0.152697 -16.226943   0.152003 -16.221513
     0.152698 -16.227190   0.152004 -16.222119
     0.152699 -16.227439   0.152006 -16.222726
     0.152700 -16.227687   0.152008 -16.223335
     0.152701 -16.227936   0.152010 -16.223945
     0.152702 -16.228186   0.152013 -16.224556
     0.152703 -16.228436   0.152015 -16.225167
     0.152704 -16.228686   0.152018 -16.225780
     0.152705 -16.228937   0.152021 -16.226394
     0.152706 -16.229188   0.152024 -16.227008
     0.152708 -16.229439   0.152028 -16.227623
     0.152709 -16.229691   0.152031 -16.228238
     0.152711 -16.229942   0.152035 -16.228854
     0.152712 -16.230194   0.152039 -16.229470
     0.152714 -16.230446   0.152043 -16.230086
     0.152716 -16.230697   0.152047 -16.230702
     0.152717 -16.230949   0.152051 -16.231318
     0.152719 -16.231201   0.152056 -16.231934
     0.152721 -16.231453   0.152061 -16.232550
     0.152723 -16.231704   0.152066 -16.233166
     0.152725 -16.231956   0.152071 -16.233781
     0.152727 -16.232207   0.152076 -16.234396
     0.152730 -16.232458   0.152081 -16.235010
     0.152732 -16.232708   0.152087 -16.235624
     0.152734 -16.232959   0.152093 -16.236237
     0.152737 -16.233209   0.152099 -16.236848
     0.152739 -16.233458   0.152105 -16.237459
     0.152742 -16.233707   0.152111 -16.238069
     0.152744 -16.233956   0.152118 -16.238678
     0.152747 -16.234204   0.152124 -16.239285
     0.152750 -16.234452   0.152131 -16.239891
     0.152753 -16.234699   0.152138 -16.240496
     0.152756 -16.234945   0.152145 -16.241099
     0.152759 -16.235191   0.152153 -16.241700
     0.152762 -16.235436   0.152160 -16.242300
     0.152765 -16.235680   0.152168 -16.242898
     0.152768 -16.235924   0.152176 -16.243494
     0.152771 -16.236166   0.152184 -16.244088
     0.152775 -16.236408   0.152192 -16.244679
     0.152778 -16.236649   0.152200 -16.245269
     0.152781 -16.236889   0.152208 -16.245856
     0.152785 -16.237128   0.152217 -16.246441
     0.152789 -16.237366   0.152226 -16.247023
     0.152792 -16.237603   0.152234 -16.247603
     0.152796 -16.237839   0.152244 -16.248180
     0.152800 -16.238073   0.152253 -16.248755
     0.152803 -16.238307   0.152262 -16.249326
     0.152807 -16.238539   0.152271 -16.249895
     0.152811 -16.238770   0.152281 -16.250460
     0.152815 -16.239000   0.152291 -16.251023
     0.152819 -16.239229   0.152301 -16.251582
     0.152823 -16.239456   0.152311 -16.252138
     0.152827 -16.239681   0.152321 -16.252690
     0.152832 -16.239906   0.152331 -16.253239
     0.152836 -16.240129   0.152342 -16.253785
     0.152840 -16.240350   0.152352 -16.254327
     0.152845 -16.240570   0.152363 -16.254865
     0.152849 -16.240788   0.152374 -16.255399
     0.152853 -16.241005   0.152385 -16.255930
     0.152858 -16.241220   0.152396 -16.256456
     0.152863 -16.241433   0.152407 -16.256978
     0.152867 -16.241645   0.152418 -16.257497
     0.152872 -16.241855   0.152430 -16.258010
     0.152877 -16.242063   0.152441 -16.258520
     0.152881 -16.242270   0.152453 -16.259025
     0.152886 -16.242474   0.152465 -16.259526
     0.152891 -16.242677   0.152476 -16.260022
     0.152896 -16.242878   0.152488 -16.260514
     0.152901 -16.243077   0.152501 -16.261001
     0.152906 -16.243274   0.152513 -16.261483
     0.152911 -16.243469   0.152525 -16.261960
     0.152916 -16.243662   0.152538 -16.262432
     0.152921 -16.243853   0.152550 -16.262900
     0.152926 -16.244042   0.152563 -16.263362
     0.152931 -16.244228   0.152575 -16.263819
     0.152937 -16.244413   0.152588 -16.264271
     0.152942 -16.244595   0.152601 -16.264717
     0.152947 -16.244776   0.152614 -16.265158
     0.152953 -16.244954   0.152627 -16.265594
     0.152958 -16.245129   0.152640 -16.266024
     0.152963 -16.245303   0.152654 -16.266449
     0.152969 -16.245474   0.152667 -16.266868
     0.152974 -16.245643   0.152680 -16.267281
     0.152980 -16.245809   0.152694 -16.267689
     0.152985 -16.245973   0.152708 -16.268090
     0.152991 -16.246135   0.152721 -16.268486
     0.152997 -16.246294   0.152735 -16.268876
     0.153002 -16.246451   0.152749 -16.269259
     0.153008 -16.246605   0.152763 -16.269637
     0.153014 -16.246757   0.152777 -16.270009
     0.153019 -16.246906   0.152791 -16.270374
     0.153025 -16.247053   0.152805 -16.270733
     0.153031 -16.247197   0.152819 -16.271086
     0.153037 -16.247339   0.152833 -16.271432
     0.153042 -16.247478   0.152847 -16.271772
     0.153048 -16.247614   0.152861 -16.272105
     0.153054 -16.247747   0.152876 -16.272432
     0.153060 -16.247878   0.152890 -16.272752
     0.153066 -16.248006   0.152905 -16.273066
     0.153072 -16.248132   0.152919 -16.273373
     0.153078 -16.248254   0.152934 -16.273673
     0.153084 -16.248374   0.152948 -16.273966
     0.153090 -16.248491   0.152963 -16.274253
     0.153096 -16.248606   0.152977 -16.274533
     0.153102 -16.248717   0.152992 -16.274805
     0.153108 -16.248826   0.153007 -16.275071
     0.153114 -16.248931   0.153021 -16.275330
     0.153120 -16.249034   0.153036 -16.275582
     0.153126 -16.249134   0.153051 -16.275826
     0.153132 -16.249231   0.153066 -16.276064
     0.153138 -16.249325   0.153080 -16.276294
     0.153144 -16.249417   0.153095 -16.276517
     0.153150 -16.249505   0.153110 -16.276733
     0.153156 -16.249590   0.153125 -16.276942
     0.153162 -16.249672   0.153140 -16.277143
     0.153168 -16.249752   0.153154 -16.277337
     0.153174 -16.249828   0.153169 -16.277524
     0.153180 -16.249901   0.153184 -16.277703
     0.153186 -16.249971   0.153199 -16.277875
     0.153192 -16.250039   0.153214 -16.278040
     0.153198 -16.250103   0.153229 -16.278196
     0.153204 -16.250164   0.153243 -16.278346
     0.153210 -16.250222   0.153258 -16.278488
     0.153216 -16.250277   0.153273 -16.278622
     0.153223 -16.250328   0.153288 -16.278749
     0.153229 -16.250377   0.153303 -16.278868
     0.153235 -16.250423   0.153317 -16.278980
     0.153241 -16.250465   0.153332 -16.279084
     0.153247 -16.250504   0.153347 -16.279180
     0.153253 -16.250541   0.153362 -16.279268
     0.153259 -16.250574   0.153376 -16.279349
     0.153265 -16.250604   0.153391 -16.279423
     0.153271 -16.250630   0.153405 -16.279488
     0.153276 -16.250654   0.153420 -16.279546
     0.153282 -16.250675   0.153434 -16.279596
     0.153288 -16.250692   0.153449 -16.279639
     0.153294 -16.250706   0.153463 -16.279674
     0.153300 -16.250717   0.153478 -16.279701
     0.153306 -16.250725   0.153492 -16.279720
     0.153312 -16.250730   0.153506 -16.279731
     0.153318 -16.250731   0.153521 -16.279735
     0.153323 -16.250730   0.153535 -16.279731
     0.153329 -16.250725   0.153549 -16.279719
     0.153335 -16.250717   0.153563 -16.279700
     0.153341 -16.250706   0.153577 -16.279673
     0.153346 -16.250692   0.153591 -16.279638
     0.153352 -16.250674   0.153605 -16.279595
     0.153358 -16.250654   0.153619 -16.279545
     0.153363 -16.250630   0.153632 -16.279487
     0.153369 -16.250603   0.153646 -16.279421
     0.153374 -16.250573   0.153660 -16.279347
     0.153380 -16.250540   0.153673 -16.279266
     0.153385 -16.250503   0.153686 -16.279177
     0.153391 -16.250464   0.153700 -16.279081
     0.153396 -16.250421   0.153713 -16.278977
     0.153402 -16.250376   0.153726 -16.278865
     0.153407 -16.250327   0.153739 -16.278746
     0.153412 -16.250275   0.153752 -16.278619
     0.153418 -16.250220   0.153765 -16.278484
     0.153423 -16.250162   0.153778 -16.278342
     0.153428 -16.250101   0.153791 -16.278192
     0.153433 -16.250037   0.153804 -16.278035
     0.153438 -16.249970   0.153816 -16.277871
     0.153443 -16.249899   0.153828 -16.277699
     0.153448 -16.249826   0.153841 -16.277519
     0.153453 -16.249750   0.153853 -16.277332
     0.153458 -16.249670   0.153865 -16.277138
     0.153463 -16.249588   0.153877 -16.276937
     0.153468 -16.249503   0.153889 -16.276728
     0.153473 -16.249414   0.153901 -16.276512
     0.153478 -16.249323   0.153913 -16.276288
     0.153482 -16.249229   0.153924 -16.276058
     0.153487 -16.249132   0.153936 -16.275820
     0.153492 -16.249032   0.153947 -16.275575
     0.153496 -16.248929   0.153958 -16.275323
     0.153501 -16.248823   0.153969 -16.275064
     0.153505 -16.248714   0.153980 -16.274798
     0.153510 -16.248603   0.153991 -16.274525
     0.153514 -16.248488   0.154002 -16.274246
     0.153518 -16.248371   0.154012 -16.273959
     0.153523 -16.248251   0.154023 -16.273665
     0.153527 -16.248129   0.154033 -16.273365
     0.153531 -16.248003   0.154043 -16.273058
     0.153535 -16.247875   0.154053 -16.272744
     0.153539 -16.247744   0.154063 -16.272424
     0.153543 -16.247610   0.154073 -16.272097
     0.153547 -16.247474   0.154082 -16.271763
     0.153551 -16.247335   0.154092 -16.271423
     0.153555 -16.247194   0.154101 -16.271077
     0.153559 -16.247049   0.154110 -16.270724
     0.153562 -16.246903   0.154119 -16.270365
     0.153566 -16.246753   0.154128 -16.269999
     0.153569 -16.246602   0.154137 -16.269627
     0.153573 -16.246447   0.154146 -16.269250
     0.153576 -16.246290   0.154154 -16.268866
     0.153580 -16.246131   0.154162 -16.268476
     0.153583 -16.245969   0.154170 -16.268080
     0.153586 -16.245805   0.154178 -16.267678
     0.153590 -16.245639   0.154186 -16.267271
     0.153593 -16.245470   0.154194 -16.266857
     0.153596 -16.245298   0.154201 -16.266438
     0.153599 -16.245125   0.154209 -16.266013
     0.153602 -16.244949   0.154216 -16.265583
     0.153605 -16.244771   0.154223 -16.265147
     0.153607 -16.244591   0.154230 -16.264706
     0.153610 -16.244408   0.154236 -16.264259
     0.153613 -16.244224   0.154243 -16.263807
     0.153615 -16.244037   0.154249 -16.263350
     0.153618 -16.243848   0.154255 -16.262888
     0.153620 -16.243657   0.154261 -16.262420
     0.153623 -16.243464   0.154267 -16.261948
     0.153625 -16.243269   0.154273 -16.261471
     0.153627 -16.243072   0.154278 -16.260988
     0.153629 -16.242873   0.154284 -16.260501
     0.153631 -16.242672   0.154289 -16.260010
     0.153633 -16.242469   0.154294 -16.259513
     0.153635 -16.242264   0.154298 -16.259012
     0.153637 -16.242058   0.154303 -16.258507
     0.153639 -16.241850   0.154307 -16.257997
     0.153641 -16.241640   0.154312 -16.257483
     0.153642 -16.241428   0.154316 -16.256965
     0.153644 -16.241214   0.154320 -16.256443
     0.153646 -16.240999   0.154323 -16.255916
     0.153647 -16.240783   0.154327 -16.255386
     0.153648 -16.240564   0.154330 -16.254851
     0.153650 -16.240344   0.154333 -16.254313
     0.153651 -16.240123   0.154336 -16.253771
     0.153652 -16.239900   0.154339 -16.253225
     0.153653 -16.239676   0.154342 -16.252676
     0.153654 -16.239450   0.154344 -16.252124
     0.153655 -16.239223   0.154346 -16.251568
     0.153656 -16.238994   0.154348 -16.251008
     0.153657 -16.238764   0.154350 -16.250446
     0.153657 -16.238533   0.154352 -16.249880
     0.153658 -16.238301   0.154353 -16.249312
     0.153658 -16.238067   0.154355 -16.248740
     0.153659 -16.237833   0.154356 -16.248166
     0.153659 -16.237597   0.154357 -16.247588
     0.153660 -16.237360   0.154358 -16.247009
     0.153660 -16.237122   0.154358 -16.246426
     0.153660 -16.236883   0.154358 -16.245841
     0.153660 -16.236643   0.154359 -16.245254
     0.153660 -16.236402   0.154359 -16.244664
     0.153660 -16.236160   0.154359 -16.244072
     0.153660 -16.235918   0.154358 -16.243478
     0.153660 -16.235674   0.154358 -16.242882
     0.153659 -16.235430   0.154357 -16.242285
     0.153659 -16.235185   0.154356 -16.241685
     0.153658 -16.234939   0.154355 -16.241083
     0.153658 -16.234693   0.154354 -16.240480
     0.153657 -16.234446   0.154352 -16.239876
     0.153657 -16.234198   0.154350 -16.239270
     0.153656 -16.233950   0.154349 -16.238662
     0.153655 -16.233701   0.154346 -16.238054
     0.153654 -16.233452   0.154344 -16.237444
     0.153653 -16.233202   0.154342 -16.236833
     0.153652 -16.232952   0.154339 -16.236221
     0.153651 -16.232702   0.154336 -16.235608
     0.153650 -16.232451   0.154334 -16.234995
     0.153648 -16.232200   0.154330 -16.234380
     0.153647 -16.231949   0.154327 -16.233766
     0.153646 -16.231698   0.154324 -16.233150
     0.153644 -16.231446   0.154320 -16.232535
     0.153643 -16.231194   0.154316 -16.231919
     0.153641 -16.230943   0.154312 -16.231303
     0.153639 -16.230691   0.154308 -16.230686
